  26.cpp
D:\КФУ\Программирование\Programming\Practice\26\26\26\26.cpp(7,11): error C2065: Vector: необъявленный идентификатор
D:\КФУ\Программирование\Programming\Practice\26\26\26\26.cpp(7,25): error C2065: vec: необъявленный идентификатор
D:\КФУ\Программирование\Programming\Practice\26\26\26\26.cpp(7,35): error C2065: cmp: необъявленный идентификатор
D:\КФУ\Программирование\Programming\Practice\26\26\26\26.cpp(7,40): error C2275: type: недопустимое использование этого типа в качестве выражения
D:\КФУ\Программирование\Programming\Practice\26\26\26\26.cpp(7): message : см. объявление "type"
D:\КФУ\Программирование\Programming\Practice\26\26\26\26.cpp(7,46): error C2275: type: недопустимое использование этого типа в качестве выражения
D:\КФУ\Программирование\Programming\Practice\26\26\26\26.cpp(7): message : см. объявление "type"
D:\КФУ\Программирование\Programming\Practice\26\26\26\26.cpp(7,54): error C2065: OperatorCmp: необъявленный идентификатор
D:\КФУ\Программирование\Programming\Practice\26\26\26\26.cpp(7,1): error C2182: Sort: недопустимое использование типа "void"
D:\КФУ\Программирование\Programming\Practice\26\26\26\26.cpp(7,11): error C3861: Vector: идентификатор не найден
D:\КФУ\Программирование\Programming\Practice\26\26\26\26.cpp(7,25): error C3861: vec: идентификатор не найден
D:\КФУ\Программирование\Programming\Practice\26\26\26\26.cpp(7,35): error C3861: cmp: идентификатор не найден
D:\КФУ\Программирование\Programming\Practice\26\26\26\26.cpp(7,54): error C3861: OperatorCmp: идентификатор не найден
D:\КФУ\Программирование\Programming\Practice\26\26\26\26.cpp(7,1): error C2447: {: отсутствует заголовок функции (возможно, используется формальный список старого типа)
D:\КФУ\Программирование\Programming\Practice\26\26\26\26.cpp(23,2): error C3861: Randomize: идентификатор не найден
D:\КФУ\Программирование\Programming\Practice\26\26\26\26.cpp(24,2): error C2065: Vector: необъявленный идентификатор
D:\КФУ\Программирование\Programming\Practice\26\26\26\26.cpp(24,1): error C2062: тип "char" не требуется
D:\КФУ\Программирование\Programming\Practice\26\26\26\26.cpp(26,2): error C3245: "Sort": для использование шаблона переменной требуется список аргументов шаблона
D:\КФУ\Программирование\Programming\Practice\26\26\26\26.cpp(7): message : см. объявление "Sort"
D:\КФУ\Программирование\Programming\Practice\26\26\26\26.cpp(26,7): error C2065: a: необъявленный идентификатор
